<?xml version="1.0" encoding="UTF-8"?>
<!-- Generated by org.testng.reporters.JUnitReportReporter -->
<testsuite hostname="LAPTOP-TP226488" failures="0" tests="11" name="cucumberOptions.TestNGRunner" time="0.160" errors="0" timestamp="2024-08-21T01:17:13 IST" skipped="0">
  <testcase classname="cucumberOptions.TestNGRunner" name="runScenario" time="0.007"/>
  <testcase classname="cucumberOptions.TestNGRunner" name="runScenario" time="0.011"/>
  <testcase classname="cucumberOptions.TestNGRunner" name="runScenario" time="0.008"/>
  <testcase classname="cucumberOptions.TestNGRunner" name="runScenario" time="0.009"/>
  <testcase classname="cucumberOptions.TestNGRunner" name="runScenario" time="0.012"/>
  <testcase classname="cucumberOptions.TestNGRunner" name="runScenario" time="0.007"/>
  <testcase classname="cucumberOptions.TestNGRunner" name="runScenario" time="0.005"/>
  <testcase classname="cucumberOptions.TestNGRunner" name="runScenario" time="0.007"/>
  <testcase classname="cucumberOptions.TestNGRunner" name="runScenario" time="0.007"/>
  <testcase classname="cucumberOptions.TestNGRunner" name="runScenario" time="0.061"/>
  <testcase classname="cucumberOptions.TestNGRunner" name="runScenario" time="0.026"/>
</testsuite> <!-- cucumberOptions.TestNGRunner -->
